# JRE version: OpenJDK Runtime Environment (21.0.8) (build 21.0.8+-14196175-b1038.72)
# Java VM: OpenJDK 64-Bit Server VM (21.0.8+-14196175-b1038.72, mixed mode, tiered, compressed oops, compressed class ptrs, g1 gc, windows-amd64)
GC Precious Log:
 CardTable entry size: 512
 Card Set container configuration: InlinePtr #cards 5 size 8 Array Of Cards #cards 12 size 40 Howl #buckets 4 coarsen threshold 1843 Howl Bitmap #cards 512 size 80 coarsen threshold 460 Card regions per heap region 1 cards per card region 2048
 CPUs: 12 total, 12 available
 Memory: 15741M
 Large Page Support: Disabled
 NUMA Support: Disabled
 Compressed Oops: Enabled (32-bit)
 Heap Region Size: 1M
 Heap Min Capacity: 8M
 Heap Initial Capacity: 246M
 Heap Max Capacity: 2G
 Pre-touch: Disabled
 Parallel Workers: 10
 Concurrent Workers: 3
 Concurrent Refinement Workers: 10
 Periodic GC: Disabled
Heap:
 garbage-first heap   total 380928K, used 219905K [0x0000000080000000, 0x0000000100000000)
  region size 1024K, 11 young (11264K), 4 survivors (4096K)
 Metaspace       used 218161K, committed 221056K, reserved 1245184K
  class space    used 28528K, committed 30080K, reserved 1048576K
GC Heap History (20 events):
Event: 29.867 GC heap before
{Heap before GC invocations=62 (full 0):
 garbage-first heap   total 377856K, used 336141K [0x0000000080000000, 0x0000000100000000)
  region size 1024K, 150 young (153600K), 15 survivors (15360K)
 Metaspace       used 208319K, committed 210944K, reserved 1245184K
  class space    used 27540K, committed 28800K, reserved 1048576K
}
Event: 29.878 GC heap after
{Heap after GC invocations=63 (full 0):
 garbage-first heap   total 377856K, used 209480K [0x0000000080000000, 0x0000000100000000)
  region size 1024K, 18 young (18432K), 18 survivors (18432K)
 Metaspace       used 208319K, committed 210944K, reserved 1245184K
  class space    used 27540K, committed 28800K, reserved 1048576K
}
Event: 5241.539 GC heap before
{Heap before GC invocations=64 (full 0):
 garbage-first heap   total 377856K, used 339528K [0x0000000080000000, 0x0000000100000000)
  region size 1024K, 145 young (148480K), 18 survivors (18432K)
 Metaspace       used 208625K, committed 211264K, reserved 1245184K
  class space    used 27549K, committed 28800K, reserved 1048576K
}
Event: 5241.546 GC heap after
{Heap after GC invocations=65 (full 0):
 garbage-first heap   total 377856K, used 209530K [0x0000000080000000, 0x0000000100000000)
  region size 1024K, 11 young (11264K), 11 survivors (11264K)
 Metaspace       used 208625K, committed 211264K, reserved 1245184K
  class space    used 27549K, committed 28800K, reserved 1048576K
}
Event: 6540.665 GC heap before
{Heap before GC invocations=65 (full 0):
 garbage-first heap   total 377856K, used 345722K [0x0000000080000000, 0x0000000100000000)
  region size 1024K, 145 young (148480K), 11 survivors (11264K)
 Metaspace       used 212649K, committed 215424K, reserved 1245184K
  class space    used 28064K, committed 29376K, reserved 1048576K
}
Event: 6540.676 GC heap after
{Heap after GC invocations=66 (full 0):
 garbage-first heap   total 377856K, used 214128K [0x0000000080000000, 0x0000000100000000)
  region size 1024K, 19 young (19456K), 19 survivors (19456K)
 Metaspace       used 212649K, committed 215424K, reserved 1245184K
  class space    used 28064K, committed 29376K, reserved 1048576K
}
Event: 6541.986 GC heap before
{Heap before GC invocations=66 (full 0):
 garbage-first heap   total 377856K, used 337008K [0x0000000080000000, 0x0000000100000000)
  region size 1024K, 140 young (143360K), 19 survivors (19456K)
 Metaspace       used 217453K, committed 220224K, reserved 1245184K
  class space    used 28744K, committed 30080K, reserved 1048576K
}
Event: 6541.999 GC heap after
{Heap after GC invocations=67 (full 0):
 garbage-first heap   total 377856K, used 227958K [0x0000000080000000, 0x0000000100000000)
  region size 1024K, 15 young (15360K), 15 survivors (15360K)
 Metaspace       used 217453K, committed 220224K, reserved 1245184K
  class space    used 28744K, committed 30080K, reserved 1048576K
}
Event: 6542.222 GC heap before
{Heap before GC invocations=68 (full 0):
 garbage-first heap   total 380928K, used 340598K [0x0000000080000000, 0x0000000100000000)
  region size 1024K, 126 young (129024K), 15 survivors (15360K)
 Metaspace       used 214624K, committed 220352K, reserved 1245184K
  class space    used 28037K, committed 30080K, reserved 1048576K
}
Event: 6542.229 GC heap after
{Heap after GC invocations=69 (full 0):
 garbage-first heap   total 380928K, used 230492K [0x0000000080000000, 0x0000000100000000)
  region size 1024K, 3 young (3072K), 3 survivors (3072K)
 Metaspace       used 214624K, committed 220352K, reserved 1245184K
  class space    used 28037K, committed 30080K, reserved 1048576K
}
Event: 6542.694 GC heap before
{Heap before GC invocations=69 (full 0):
 garbage-first heap   total 380928K, used 352348K [0x0000000080000000, 0x0000000100000000)
  region size 1024K, 123 young (125952K), 3 survivors (3072K)
 Metaspace       used 215369K, committed 220352K, reserved 1245184K
  class space    used 28138K, committed 30080K, reserved 1048576K
}
Event: 6542.702 GC heap after
{Heap after GC invocations=70 (full 0):
 garbage-first heap   total 380928K, used 225532K [0x0000000080000000, 0x0000000100000000)
  region size 1024K, 5 young (5120K), 5 survivors (5120K)
 Metaspace       used 215369K, committed 220352K, reserved 1245184K
  class space    used 28138K, committed 30080K, reserved 1048576K
}
Event: 6542.823 GC heap before
{Heap before GC invocations=70 (full 0):
 garbage-first heap   total 380928K, used 336124K [0x0000000080000000, 0x0000000100000000)
  region size 1024K, 115 young (117760K), 5 survivors (5120K)
 Metaspace       used 215420K, committed 220352K, reserved 1245184K
  class space    used 28138K, committed 30080K, reserved 1048576K
}
Event: 6542.827 GC heap after
{Heap after GC invocations=71 (full 0):
 garbage-first heap   total 380928K, used 223977K [0x0000000080000000, 0x0000000100000000)
  region size 1024K, 3 young (3072K), 3 survivors (3072K)
 Metaspace       used 215420K, committed 220352K, reserved 1245184K
  class space    used 28138K, committed 30080K, reserved 1048576K
}
Event: 6543.344 GC heap before
{Heap before GC invocations=72 (full 0):
 garbage-first heap   total 380928K, used 358121K [0x0000000080000000, 0x0000000100000000)
  region size 1024K, 133 young (136192K), 3 survivors (3072K)
 Metaspace       used 215373K, committed 220352K, reserved 1245184K
  class space    used 28116K, committed 30080K, reserved 1048576K
}
Event: 6543.348 GC heap after
{Heap after GC invocations=73 (full 0):
 garbage-first heap   total 380928K, used 226825K [0x0000000080000000, 0x0000000100000000)
  region size 1024K, 4 young (4096K), 4 survivors (4096K)
 Metaspace       used 215373K, committed 220352K, reserved 1245184K
  class space    used 28116K, committed 30080K, reserved 1048576K
}
Event: 6543.701 GC heap before
{Heap before GC invocations=73 (full 0):
 garbage-first heap   total 380928K, used 355849K [0x0000000080000000, 0x0000000100000000)
  region size 1024K, 130 young (133120K), 4 survivors (4096K)
 Metaspace       used 215382K, committed 220352K, reserved 1245184K
  class space    used 28116K, committed 30080K, reserved 1048576K
}
Event: 6543.709 GC heap after
{Heap after GC invocations=74 (full 0):
 garbage-first heap   total 380928K, used 211362K [0x0000000080000000, 0x0000000100000000)
  region size 1024K, 3 young (3072K), 3 survivors (3072K)
 Metaspace       used 215382K, committed 220352K, reserved 1245184K
  class space    used 28116K, committed 30080K, reserved 1048576K
}
Event: 6544.134 GC heap before
{Heap before GC invocations=74 (full 0):
 garbage-first heap   total 380928K, used 292258K [0x0000000080000000, 0x0000000100000000)
  region size 1024K, 83 young (84992K), 3 survivors (3072K)
 Metaspace       used 217158K, committed 220608K, reserved 1245184K
  class space    used 28376K, committed 30080K, reserved 1048576K
}
Event: 6544.137 GC heap after
{Heap after GC invocations=75 (full 0):
 garbage-first heap   total 380928K, used 211713K [0x0000000080000000, 0x0000000100000000)
  region size 1024K, 4 young (4096K), 4 survivors (4096K)
 Metaspace       used 217158K, committed 220608K, reserved 1245184K
  class space    used 28376K, committed 30080K, reserved 1048576K
}

